<?xml version="1.0" encoding="UTF-8"?>
<!-- Generated by org.testng.reporters.JUnitReportReporter -->
<testsuite hostname="Jisha-HP-ENVY-Laptop" failures="0" tests="1" name="script.SearchAddCartWOLogin" time="45.848" errors="0" timestamp="24 May 2023 08:36:11 GMT" skipped="0">
  <testcase classname="script.SearchAddCartWOLogin" name="AddProduct" time="45.848"/>
</testsuite> <!-- script.SearchAddCartWOLogin -->
