<?xml version="1.0" encoding="UTF-8"?>
<!-- Generated by org.testng.reporters.JUnitReportReporter -->
<testsuite hostname="Jisha-HP-ENVY-Laptop" failures="0" tests="1" name="script.Logout" time="33.736" errors="0" timestamp="19 May 2023 11:54:15 GMT" skipped="0">
  <testcase classname="script.Logout" name="testLogout" time="33.736"/>
</testsuite> <!-- script.Logout -->
