<?xml version="1.0" encoding="UTF-8"?>
<!-- Generated by org.testng.reporters.JUnitReportReporter -->
<testsuite hostname="Jisha-HP-ENVY-Laptop" failures="0" tests="1" name="script.SearchAddCartWithLogin" time="10.912" errors="0" timestamp="24 May 2023 09:27:35 GMT" skipped="0">
  <testcase classname="script.SearchAddCartWithLogin" name="AddProducttocartwithLogin" time="10.912"/>
</testsuite> <!-- script.SearchAddCartWithLogin -->
