<?xml version="1.0" encoding="UTF-8"?>
<!-- Generated by org.testng.reporters.JUnitReportReporter -->
<testsuite hostname="Jisha-HP-ENVY-Laptop" failures="0" tests="1" name="script.InvalidSignUp" time="23.873" errors="0" timestamp="10 May 2023 06:40:01 GMT" skipped="0">
  <testcase classname="script.InvalidSignUp" name="testInvalidSignUp" time="23.873"/>
</testsuite> <!-- script.InvalidSignUp -->
