<?xml version="1.0" encoding="UTF-8"?>
<!-- Generated by org.testng.reporters.JUnitReportReporter -->
<testsuite hostname="Jisha-HP-ENVY-Laptop" failures="0" tests="1" name="script.AddProductToWishlistBySearch" time="43.636" errors="0" timestamp="22 May 2023 05:28:54 GMT" skipped="0">
  <testcase classname="script.AddProductToWishlistBySearch" name="AddProduct" time="43.636"/>
</testsuite> <!-- script.AddProductToWishlistBySearch -->
