<?xml version="1.0" encoding="UTF-8"?>
<!-- Generated by org.testng.reporters.JUnitReportReporter -->
<testsuite hostname="Jisha-HP-ENVY-Laptop" failures="0" tests="1" name="script.AddCartSearchWOLogin" time="23.181" errors="0" timestamp="22 May 2023 07:13:53 GMT" skipped="0">
  <testcase classname="script.AddCartSearchWOLogin" name="AddProduct" time="23.181"/>
</testsuite> <!-- script.AddCartSearchWOLogin -->
