<?xml version="1.0" encoding="UTF-8"?>
<!-- Generated by org.testng.reporters.JUnitReportReporter -->
<testsuite hostname="Jisha-HP-ENVY-Laptop" failures="0" tests="1" name="script.ValidSignUp" time="30.960" errors="0" timestamp="15 May 2023 06:12:44 GMT" skipped="0">
  <testcase classname="script.ValidSignUp" name="testValidSignUp" time="30.960"/>
</testsuite> <!-- script.ValidSignUp -->
