<?xml version="1.0" encoding="UTF-8"?>
<!-- Generated by org.testng.reporters.JUnitReportReporter -->
<testsuite hostname="Jisha-HP-ENVY-Laptop" failures="0" tests="1" name="script.ValidSignIn" time="20.565" errors="0" timestamp="19 May 2023 11:16:24 GMT" skipped="0">
  <testcase classname="script.ValidSignIn" name="testValidSignIn" time="20.565"/>
</testsuite> <!-- script.ValidSignIn -->
