<?xml version="1.0" encoding="UTF-8"?>
<!-- Generated by org.testng.reporters.JUnitReportReporter -->
<testsuite hostname="Jisha-HP-ENVY-Laptop" failures="0" tests="3" name="script.InvalidSignIn" time="50.924" errors="0" timestamp="18 May 2023 10:19:24 GMT" skipped="0">
  <testcase classname="script.InvalidSignIn" name="testInvalidSignIn" time="19.500"/>
  <testcase classname="script.InvalidSignIn" name="testInvalidSignIn" time="15.689"/>
  <testcase classname="script.InvalidSignIn" name="testInvalidSignIn" time="15.735"/>
</testsuite> <!-- script.InvalidSignIn -->
